2020-04-24 22:04:897 INFO  TestBase:118 - Initialize Web driver: 164733543
2020-04-24 22:04:906 INFO  WaitHelper:26 - WaitHelper object created
2020-04-24 22:04:907 INFO  WaitHelper:30 - Implicit Wait has been set to:120
2020-04-24 22:04:925 INFO  WaitHelper:74 - waiting for page to load for : SECONDS seconds
2020-04-24 22:04:934 INFO  WaitHelper:76 - page is loaded
2020-04-24 22:04:185 INFO  TestBase:60 - **************testLoginPageStarted***************
2020-04-24 22:04:845 INFO  WaitHelper:26 - WaitHelper object created
2020-04-24 22:04:911 INFO  WaitHelper:50 - waiting for :Proxy element for: DefaultElementLocator 'By.all({By.xpath: //input[@type='text']),By.id: Email})' for :200 seconds
2020-04-24 22:04:803 INFO  TestBase:78 - **************testLoginPageFinished***************
2020-04-24 22:04:398 INFO  TestBase:118 - Initialize Web driver: 1626529981
2020-04-24 22:04:411 INFO  WaitHelper:26 - WaitHelper object created
2020-04-24 22:04:411 INFO  WaitHelper:30 - Implicit Wait has been set to:120
2020-04-24 22:04:430 INFO  WaitHelper:74 - waiting for page to load for : SECONDS seconds
2020-04-24 22:04:441 INFO  WaitHelper:76 - page is loaded
2020-04-24 22:04:730 INFO  TestBase:60 - **************testLoginPageStarted***************
2020-04-24 22:04:397 INFO  WaitHelper:26 - WaitHelper object created
2020-04-24 22:04:433 INFO  WaitHelper:50 - waiting for :[[ChromeDriver: chrome on WINDOWS (707bcaed7c24537f732a5660965c5429)] -> xpath: //input[@id='Email']] for :200 seconds
2020-04-24 22:04:554 INFO  WaitHelper:53 - element is visible now
2020-04-24 22:04:555 INFO  TestBase:153 - capturing ui navigation screen...
2020-04-24 22:04:558 INFO  JavaScriptHelper:18 - JavaScriptHelper has been initialised
2020-04-24 22:04:483 INFO  JavaScriptHelper:18 - JavaScriptHelper has been initialised
2020-04-24 22:04:495 INFO  LoginPage:36 - entering email addressjagriti.sharma@3pillarglobal.com
2020-04-24 22:04:903 INFO  LoginPage:46 - entering password Smile@10
2020-04-24 22:04:29 INFO  TestBase:78 - **************testLoginPageFinished***************
2020-04-24 22:04:928 INFO  TestBase:118 - Initialize Web driver: 1626529981
2020-04-24 22:04:938 INFO  WaitHelper:26 - WaitHelper object created
2020-04-24 22:04:939 INFO  WaitHelper:30 - Implicit Wait has been set to:120
2020-04-24 22:04:951 INFO  WaitHelper:74 - waiting for page to load for : SECONDS seconds
2020-04-24 22:04:958 INFO  WaitHelper:76 - page is loaded
2020-04-24 22:04:146 INFO  TestBase:60 - **************testLoginPageStarted***************
2020-04-24 22:04:30 INFO  WaitHelper:26 - WaitHelper object created
2020-04-24 22:04:61 INFO  WaitHelper:50 - waiting for :[[ChromeDriver: chrome on WINDOWS (0a7e03d53e4d1f10a8eab38329f3c920)] -> xpath: //input[@id='Email']] for :200 seconds
2020-04-24 22:04:178 INFO  WaitHelper:53 - element is visible now
2020-04-24 22:04:179 INFO  TestBase:153 - capturing ui navigation screen...
2020-04-24 22:04:181 INFO  JavaScriptHelper:18 - JavaScriptHelper has been initialised
2020-04-24 22:04:09 INFO  JavaScriptHelper:18 - JavaScriptHelper has been initialised
2020-04-24 22:04:21 INFO  LoginPage:36 - entering email addressjagriti.sharma@3pillarglobal.com
2020-04-24 22:04:18 INFO  LoginPage:47 - entering password Smile@10
2020-04-24 22:04:259 INFO  LoginPage:57 - clicking on submit button....
2020-04-24 22:04:426 INFO  WaitHelper:26 - WaitHelper object created
2020-04-24 22:04:485 INFO  WaitHelper:57 - waiting for :Proxy element for: DefaultElementLocator 'By.xpath: //button[@data-automation-id='linkButton']' for :30 seconds
2020-04-24 22:04:52 INFO  TestBase:78 - **************testLoginPageFinished***************
2020-04-25 09:04:56 INFO  TestBase:118 - Initialize Web driver: 1052127672
2020-04-25 09:04:70 INFO  WaitHelper:26 - WaitHelper object created
2020-04-25 09:04:72 INFO  WaitHelper:30 - Implicit Wait has been set to:120
2020-04-25 09:04:98 INFO  WaitHelper:74 - waiting for page to load for : SECONDS seconds
2020-04-25 09:04:108 INFO  WaitHelper:76 - page is loaded
2020-04-25 09:04:388 INFO  TestBase:60 - **************testPersonalInfoPageStarted***************
2020-04-25 09:04:882 INFO  TestBase:78 - **************testPersonalInfoPageFinished***************
2020-04-25 09:04:725 INFO  TestBase:60 - **************testRememberDeviceStarted***************
2020-04-25 09:04:739 INFO  TestBase:133 - driver is null..
2020-04-25 09:04:754 INFO  TestBase:60 - **************testPersonalInfoPageStarted***************
2020-04-25 09:04:763 INFO  TestBase:133 - driver is null..
2020-04-25 09:04:775 INFO  TestBase:60 - **************testHomePageStarted***************
2020-04-25 09:04:784 INFO  TestBase:133 - driver is null..
2020-04-25 09:04:793 INFO  TestBase:60 - **************testLoginPageStarted***************
2020-04-25 09:04:801 INFO  TestBase:133 - driver is null..
2020-04-25 09:04:811 INFO  TestBase:60 - **************testPersonalInfoPageStarted***************
2020-04-25 09:04:829 INFO  TestBase:133 - driver is null..
2020-04-25 09:04:437 INFO  TestBase:118 - Initialize Web driver: 1002911155
2020-04-25 09:04:450 INFO  WaitHelper:26 - WaitHelper object created
2020-04-25 09:04:452 INFO  WaitHelper:30 - Implicit Wait has been set to:120
2020-04-25 09:04:474 INFO  WaitHelper:74 - waiting for page to load for : SECONDS seconds
2020-04-25 09:04:488 INFO  WaitHelper:76 - page is loaded
2020-04-25 09:04:710 INFO  TestBase:60 - **************testLoginPageStarted***************
2020-04-25 09:04:543 INFO  WaitHelper:26 - WaitHelper object created
2020-04-25 09:04:705 INFO  WaitHelper:50 - waiting for :[[ChromeDriver: chrome on WINDOWS (825f4f1bf751ba85596545e0f2bbfefe)] -> xpath: //input[@id='Email']] for :200 seconds
2020-04-25 09:04:871 INFO  WaitHelper:53 - element is visible now
2020-04-25 09:04:872 INFO  TestBase:153 - capturing ui navigation screen...
2020-04-25 09:04:881 INFO  JavaScriptHelper:18 - JavaScriptHelper has been initialised
2020-04-25 09:04:772 INFO  JavaScriptHelper:18 - JavaScriptHelper has been initialised
2020-04-25 09:04:796 INFO  LoginPage:36 - entering email addressjagriti.sharma@3pillarglobal.com
2020-04-25 09:04:593 INFO  LoginPage:47 - entering password Smile@10
2020-04-25 09:04:700 INFO  LoginPage:57 - clicking on submit button....
2020-04-25 09:04:352 INFO  WaitHelper:26 - WaitHelper object created
2020-04-25 09:04:486 INFO  WaitHelper:57 - waiting for :[[ChromeDriver: chrome on WINDOWS (825f4f1bf751ba85596545e0f2bbfefe)] -> xpath: //button[@data-automation-id='linkButton']] for :30 seconds
2020-04-25 09:04:756 INFO  WaitHelper:60 - element is clickable now
2020-04-25 09:04:757 INFO  TestBase:153 - capturing ui navigation screen...
2020-04-25 09:04:758 INFO  JavaScriptHelper:18 - JavaScriptHelper has been initialised
2020-04-25 09:04:262 INFO  JavaScriptHelper:18 - JavaScriptHelper has been initialised
2020-04-25 09:04:361 ERROR VerificationHelper:27 - element is not displayed..null
2020-04-25 09:04:364 INFO  AssertionHelper:51 - making script FAIL..
2020-04-25 09:04:247 INFO  TestBase:78 - **************testLoginPageFinished***************
2020-04-25 09:04:283 INFO  TestBase:60 - **************testRememberDeviceStarted***************
2020-04-25 09:04:298 INFO  TestBase:133 - driver is null..
2020-04-25 09:04:318 INFO  TestBase:60 - **************testHomePageStarted***************
2020-04-25 09:04:332 INFO  TestBase:133 - driver is null..
2020-04-25 09:04:354 INFO  TestBase:60 - **************testPersonalInfoPageStarted***************
2020-04-25 09:04:371 INFO  TestBase:133 - driver is null..
2020-04-25 09:04:381 INFO  TestBase:60 - **************testPersonalInfoPageStarted***************
2020-04-25 09:04:399 INFO  TestBase:133 - driver is null..
2020-04-25 09:04:412 INFO  TestBase:60 - **************testPersonalInfoPageStarted***************
2020-04-25 09:04:429 INFO  TestBase:133 - driver is null..
2020-04-25 10:04:968 INFO  TestBase:118 - Initialize Web driver: 1002911155
2020-04-25 10:04:978 INFO  WaitHelper:26 - WaitHelper object created
2020-04-25 10:04:979 INFO  WaitHelper:30 - Implicit Wait has been set to:120
2020-04-25 10:04:997 INFO  WaitHelper:74 - waiting for page to load for : SECONDS seconds
2020-04-25 10:04:07 INFO  WaitHelper:76 - page is loaded
2020-04-25 10:04:253 INFO  TestBase:60 - **************testLoginPageStarted***************
2020-04-25 10:04:30 INFO  WaitHelper:26 - WaitHelper object created
2020-04-25 10:04:65 INFO  WaitHelper:50 - waiting for :[[ChromeDriver: chrome on WINDOWS (3a550362a8d8ced8a3da84000acbc178)] -> xpath: //input[@id='Email']] for :200 seconds
2020-04-25 10:04:185 INFO  WaitHelper:53 - element is visible now
2020-04-25 10:04:186 INFO  TestBase:153 - capturing ui navigation screen...
2020-04-25 10:04:188 INFO  JavaScriptHelper:18 - JavaScriptHelper has been initialised
2020-04-25 10:04:53 INFO  JavaScriptHelper:18 - JavaScriptHelper has been initialised
2020-04-25 10:04:75 INFO  LoginPage:36 - entering email addressjagriti.sharma@3pillarglobal.com
2020-04-25 10:04:757 INFO  LoginPage:47 - entering password Smile@10
2020-04-25 10:04:996 INFO  LoginPage:57 - clicking on submit button....
2020-04-25 10:04:612 INFO  WaitHelper:26 - WaitHelper object created
2020-04-25 10:04:553 INFO  WaitHelper:57 - waiting for :[[ChromeDriver: chrome on WINDOWS (3a550362a8d8ced8a3da84000acbc178)] -> xpath: //button[@data-automation-id='linkButton']] for :30 seconds
2020-04-25 10:04:735 INFO  WaitHelper:60 - element is clickable now
2020-04-25 10:04:736 INFO  TestBase:153 - capturing ui navigation screen...
2020-04-25 10:04:737 INFO  JavaScriptHelper:18 - JavaScriptHelper has been initialised
2020-04-25 10:04:898 INFO  JavaScriptHelper:18 - JavaScriptHelper has been initialised
2020-04-25 10:04:58 ERROR VerificationHelper:27 - element is not displayed..null
2020-04-25 10:04:61 INFO  AssertionHelper:51 - making script FAIL..
2020-04-25 10:04:495 INFO  TestBase:78 - **************testLoginPageFinished***************
2020-04-25 10:04:110 INFO  TestBase:60 - **************testRememberDeviceStarted***************
2020-04-25 10:04:119 INFO  TestBase:133 - driver is null..
2020-04-25 10:04:126 INFO  TestBase:60 - **************testHomePageStarted***************
2020-04-25 10:04:134 INFO  TestBase:133 - driver is null..
2020-04-25 10:04:140 INFO  TestBase:60 - **************testPersonalInfoPageStarted***************
2020-04-25 10:04:146 INFO  TestBase:133 - driver is null..
2020-04-25 10:04:149 INFO  TestBase:60 - **************testPersonalInfoPageStarted***************
2020-04-25 10:04:158 INFO  TestBase:133 - driver is null..
2020-04-25 10:04:164 INFO  TestBase:60 - **************testPersonalInfoPageStarted***************
2020-04-25 10:04:170 INFO  TestBase:133 - driver is null..
2020-04-25 10:04:52 INFO  TestBase:118 - Initialize Web driver: 1002911155
2020-04-25 10:04:63 INFO  WaitHelper:26 - WaitHelper object created
2020-04-25 10:04:64 INFO  WaitHelper:30 - Implicit Wait has been set to:120
2020-04-25 10:04:83 INFO  WaitHelper:74 - waiting for page to load for : SECONDS seconds
2020-04-25 10:04:93 INFO  WaitHelper:76 - page is loaded
2020-04-25 10:04:321 INFO  TestBase:60 - **************testLoginPageStarted***************
2020-04-25 10:04:510 INFO  WaitHelper:26 - WaitHelper object created
2020-04-25 10:04:688 INFO  WaitHelper:50 - waiting for :[[ChromeDriver: chrome on WINDOWS (dd513221752c7d018d0ce308c6a1296f)] -> xpath: //input[@id='Email']] for :200 seconds
2020-04-25 10:04:826 INFO  WaitHelper:53 - element is visible now
2020-04-25 10:04:826 INFO  TestBase:153 - capturing ui navigation screen...
2020-04-25 10:04:828 INFO  JavaScriptHelper:18 - JavaScriptHelper has been initialised
2020-04-25 10:04:628 INFO  JavaScriptHelper:18 - JavaScriptHelper has been initialised
2020-04-25 10:04:648 INFO  LoginPage:36 - entering email addressjagriti.sharma@3pillarglobal.com
2020-04-25 10:04:880 INFO  LoginPage:47 - entering password Smile@10
2020-04-25 10:04:128 INFO  LoginPage:57 - clicking on submit button....
2020-04-25 10:04:70 INFO  WaitHelper:26 - WaitHelper object created
2020-04-25 10:04:737 INFO  WaitHelper:57 - waiting for :[[ChromeDriver: chrome on WINDOWS (dd513221752c7d018d0ce308c6a1296f)] -> xpath: //button[@data-automation-id='linkButton']] for :30 seconds
2020-04-25 10:04:916 INFO  WaitHelper:60 - element is clickable now
2020-04-25 10:04:917 INFO  TestBase:153 - capturing ui navigation screen...
2020-04-25 10:04:917 INFO  JavaScriptHelper:18 - JavaScriptHelper has been initialised
2020-04-25 10:04:648 INFO  JavaScriptHelper:18 - JavaScriptHelper has been initialised
2020-04-25 10:04:771 ERROR VerificationHelper:27 - element is not displayed..null
2020-04-25 10:04:773 INFO  AssertionHelper:51 - making script FAIL..
2020-04-25 10:04:417 INFO  TestBase:78 - **************testLoginPageFinished***************
2020-04-25 10:04:602 INFO  TestBase:60 - **************testRememberDeviceStarted***************
2020-04-25 10:04:634 INFO  TestBase:133 - driver is null..
2020-04-25 10:04:646 INFO  TestBase:60 - **************testHomePageStarted***************
2020-04-25 10:04:657 INFO  TestBase:133 - driver is null..
2020-04-25 10:04:666 INFO  TestBase:60 - **************testPersonalInfoPageStarted***************
2020-04-25 10:04:678 INFO  TestBase:133 - driver is null..
2020-04-25 10:04:684 INFO  TestBase:60 - **************testPersonalInfoPageStarted***************
2020-04-25 10:04:694 INFO  TestBase:133 - driver is null..
2020-04-25 10:04:701 INFO  TestBase:60 - **************testPersonalInfoPageStarted***************
2020-04-25 10:04:711 INFO  TestBase:133 - driver is null..
2020-04-25 10:04:545 INFO  TestBase:118 - Initialize Web driver: 1002911155
2020-04-25 10:04:554 INFO  WaitHelper:26 - WaitHelper object created
2020-04-25 10:04:555 INFO  WaitHelper:30 - Implicit Wait has been set to:120
2020-04-25 10:04:568 INFO  WaitHelper:74 - waiting for page to load for : SECONDS seconds
2020-04-25 10:04:575 INFO  WaitHelper:76 - page is loaded
2020-04-25 10:04:778 INFO  TestBase:60 - **************testLoginPageStarted***************
2020-04-25 10:04:346 INFO  WaitHelper:26 - WaitHelper object created
2020-04-25 10:04:373 INFO  WaitHelper:50 - waiting for :[[ChromeDriver: chrome on WINDOWS (f27bf670bca3df69507abe04beacf28c)] -> xpath: //input[@id='Email']] for :200 seconds
2020-04-25 10:04:465 INFO  WaitHelper:53 - element is visible now
2020-04-25 10:04:466 INFO  TestBase:153 - capturing ui navigation screen...
2020-04-25 10:04:467 INFO  JavaScriptHelper:18 - JavaScriptHelper has been initialised
2020-04-25 10:04:374 INFO  JavaScriptHelper:18 - JavaScriptHelper has been initialised
2020-04-25 10:04:409 INFO  LoginPage:36 - entering email addressjagriti.sharma@3pillarglobal.com
2020-04-25 10:04:680 INFO  LoginPage:47 - entering password Smile@10
2020-04-25 10:04:790 INFO  LoginPage:57 - clicking on submit button....
2020-04-25 10:04:487 INFO  WaitHelper:26 - WaitHelper object created
2020-04-25 10:04:522 INFO  WaitHelper:57 - waiting for :[[ChromeDriver: chrome on WINDOWS (f27bf670bca3df69507abe04beacf28c)] -> xpath: //button[@data-automation-id='linkButton']] for :30 seconds
2020-04-25 10:04:706 INFO  WaitHelper:60 - element is clickable now
2020-04-25 10:04:707 INFO  TestBase:153 - capturing ui navigation screen...
2020-04-25 10:04:708 INFO  JavaScriptHelper:18 - JavaScriptHelper has been initialised
2020-04-25 10:04:554 INFO  JavaScriptHelper:18 - JavaScriptHelper has been initialised
2020-04-25 10:04:568 INFO  LoginPage:71 - getting Title of Home Page
2020-04-25 10:04:609 INFO  VerificationHelper:54 - page title is..Workday 3pillar
2020-04-25 10:04:620 INFO  AssertionHelper:13 - veryfing test: Workday 3pillar with Google Accounts
2020-04-25 10:04:631 INFO  TestBase:78 - **************testLoginPageFinished***************
2020-04-25 10:04:571 INFO  TestBase:60 - **************testRememberDeviceStarted***************
2020-04-25 10:04:581 INFO  TestBase:133 - driver is null..
2020-04-25 10:04:592 INFO  TestBase:60 - **************testHomePageStarted***************
2020-04-25 10:04:601 INFO  TestBase:133 - driver is null..
2020-04-25 10:04:609 INFO  TestBase:60 - **************testPersonalInfoPageStarted***************
2020-04-25 10:04:620 INFO  TestBase:133 - driver is null..
2020-04-25 10:04:629 INFO  TestBase:60 - **************testPersonalInfoPageStarted***************
2020-04-25 10:04:637 INFO  TestBase:133 - driver is null..
2020-04-25 10:04:646 INFO  TestBase:60 - **************testPersonalInfoPageStarted***************
2020-04-25 10:04:658 INFO  TestBase:133 - driver is null..
2020-04-25 10:04:529 INFO  TestBase:118 - Initialize Web driver: 1002911155
2020-04-25 10:04:540 INFO  WaitHelper:26 - WaitHelper object created
2020-04-25 10:04:541 INFO  WaitHelper:30 - Implicit Wait has been set to:120
2020-04-25 10:04:552 INFO  WaitHelper:74 - waiting for page to load for : SECONDS seconds
2020-04-25 10:04:557 INFO  WaitHelper:76 - page is loaded
2020-04-25 10:04:777 INFO  TestBase:60 - **************testLoginPageStarted***************
2020-04-25 10:04:155 INFO  WaitHelper:26 - WaitHelper object created
2020-04-25 10:04:235 INFO  WaitHelper:50 - waiting for :[[ChromeDriver: chrome on WINDOWS (2fc5d02550967323ebcba223401f0775)] -> xpath: //input[@id='Email']] for :200 seconds
2020-04-25 10:04:336 INFO  WaitHelper:53 - element is visible now
2020-04-25 10:04:337 INFO  TestBase:153 - capturing ui navigation screen...
2020-04-25 10:04:339 INFO  JavaScriptHelper:18 - JavaScriptHelper has been initialised
2020-04-25 10:04:156 INFO  JavaScriptHelper:18 - JavaScriptHelper has been initialised
2020-04-25 10:04:178 INFO  LoginPage:36 - entering email addressjagriti.sharma@3pillarglobal.com
2020-04-25 10:04:01 INFO  LoginPage:47 - entering password Smile@10
2020-04-25 10:04:257 INFO  LoginPage:57 - clicking on submit button....
2020-04-25 10:04:470 INFO  WaitHelper:26 - WaitHelper object created
2020-04-25 10:04:553 INFO  WaitHelper:57 - waiting for :[[ChromeDriver: chrome on WINDOWS (2fc5d02550967323ebcba223401f0775)] -> xpath: //button[@data-automation-id='linkButton']] for :30 seconds
2020-04-25 10:04:662 INFO  WaitHelper:60 - element is clickable now
2020-04-25 10:04:663 INFO  TestBase:153 - capturing ui navigation screen...
2020-04-25 10:04:664 INFO  JavaScriptHelper:18 - JavaScriptHelper has been initialised
2020-04-25 10:04:197 INFO  JavaScriptHelper:18 - JavaScriptHelper has been initialised
2020-04-25 10:04:217 INFO  LoginPage:71 - getting Title of Home Page
2020-04-25 10:04:269 INFO  VerificationHelper:54 - page title is..Workday 3pillar
2020-04-25 10:04:286 INFO  AssertionHelper:13 - veryfing test: Workday 3pillar with Google Accounts
2020-04-25 10:04:303 INFO  TestBase:78 - **************testLoginPageFinished***************
2020-04-25 10:04:200 INFO  TestBase:60 - **************testRememberDeviceStarted***************
2020-04-25 10:04:212 INFO  TestBase:133 - driver is null..
2020-04-25 10:04:218 INFO  TestBase:60 - **************testHomePageStarted***************
2020-04-25 10:04:226 INFO  TestBase:133 - driver is null..
2020-04-25 10:04:234 INFO  TestBase:60 - **************testPersonalInfoPageStarted***************
2020-04-25 10:04:242 INFO  TestBase:133 - driver is null..
2020-04-25 10:04:249 INFO  TestBase:60 - **************testPersonalInfoPageStarted***************
2020-04-25 10:04:256 INFO  TestBase:133 - driver is null..
2020-04-25 10:04:264 INFO  TestBase:60 - **************testPersonalInfoPageStarted***************
2020-04-25 10:04:272 INFO  TestBase:133 - driver is null..
